<?xml version="1.0" encoding="UTF-8"?>
<testng-results ignored="0" total="19" passed="19" failed="0" skipped="0">
  <reporter-output>
  </reporter-output>
  <suite started-at="2023-03-07T16:35:43 EST" name="Default suite" finished-at="2023-03-07T16:47:15 EST" duration-ms="691957">
    <groups>
    </groups>
    <test started-at="2023-03-07T16:35:43 EST" name="Default test" finished-at="2023-03-07T16:47:15 EST" duration-ms="691957">
      <class name="planbox.SanityTestOveral">
        <test-method is-config="true" signature="setUp()[pri:0, instance:planbox.SanityTestOveral@4d5650ae]" started-at="2023-03-07T16:35:43 EST" name="setUp" finished-at="2023-03-07T16:35:46 EST" duration-ms="2872" status="PASS">
          <reporter-output>
          </reporter-output>
        </test-method> <!-- setUp -->
        <test-method signature="main(java.lang.String,java.lang.String,java.lang.String,java.lang.String,java.lang.String,java.lang.String)[pri:1, instance:planbox.SanityTestOveral@4d5650ae]" started-at="2023-03-07T16:35:46 EST" name="main" data-provider="URLS" finished-at="2023-03-07T16:36:19 EST" duration-ms="32146" status="PASS">
          <params>
            <param index="0">
              <value>
                <![CDATA[http://cargill.planbox.com/default/Login?signInWithSecretKey=true]]>
              </value>
            </param>
            <param index="1">
              <value>
                <![CDATA[1e7b79e5bf5c471493378ffaafa5e7ce:N3F7L0oqziGFNek1wxQF4wQToHhl7doShoHEeP7DMeLoUtEHs43MIlrdTk81x6YqUENum2KSK3Bnk2KB7tD2FPjj7khe6dxGcSvPKvI32RISMfEW8SIICvTjQ5MK2M1H]]>
              </value>
            </param>
            <param index="2">
              <value>
                <![CDATA[http://cargill.planbox.com/default/challenges]]>
              </value>
            </param>
            <param index="3">
              <value>
                <![CDATA[http://cargill.planbox.com/default/ideas]]>
              </value>
            </param>
            <param index="4">
              <value>
                <![CDATA[http://cargill.planbox.com/default/home/homepage]]>
              </value>
            </param>
            <param index="5">
              <value>
                <![CDATA[Cargil]]>
              </value>
            </param>
          </params>
          <reporter-output>
          </reporter-output>
        </test-method> <!-- main -->
        <test-method is-config="true" signature="getResult(org.testng.ITestResult)[pri:0, instance:planbox.SanityTestOveral@4d5650ae]" started-at="2023-03-07T16:36:19 EST" name="getResult" finished-at="2023-03-07T16:36:19 EST" duration-ms="1" status="PASS">
          <params>
            <param index="0">
              <value>
                <![CDATA[[TestResult name=main status=SUCCESS method=SanityTestOveral.main(java.lang.String,java.lang.String,java.lang.String,java.lang.String,java.lang.String,java.lang.String)[pri:1, instance:planbox.SanityTestOveral@4d5650ae] output={null}]]]>
              </value>
            </param>
          </params>
          <reporter-output>
          </reporter-output>
        </test-method> <!-- getResult -->
        <test-method signature="main(java.lang.String,java.lang.String,java.lang.String,java.lang.String,java.lang.String,java.lang.String)[pri:1, instance:planbox.SanityTestOveral@4d5650ae]" started-at="2023-03-07T16:36:19 EST" name="main" data-provider="URLS" finished-at="2023-03-07T16:36:53 EST" duration-ms="33971" status="PASS">
          <params>
            <param index="0">
              <value>
                <![CDATA[http://dow.planbox.com/default/Login?signInWithSecretKey=true]]>
              </value>
            </param>
            <param index="1">
              <value>
                <![CDATA[1e7b79e5bf5c471493378ffaafa5e7ce:N3F7L0oqziGFNek1wxQF4wQToHhl7doShoHEeP7DMeLoUtEHs43MIlrdTk81x6YqUENum2KSK3Bnk2KB7tD2FPjj7khe6dxGcSvPKvI32RISMfEW8SIICvTjQ5MK2M1H]]>
              </value>
            </param>
            <param index="2">
              <value>
                <![CDATA[https://dow.planbox.com/default/challenges]]>
              </value>
            </param>
            <param index="3">
              <value>
                <![CDATA[http://dow.planbox.com/default/ideas]]>
              </value>
            </param>
            <param index="4">
              <value>
                <![CDATA[http://dow.planbox.com/default/home/homepage]]>
              </value>
            </param>
            <param index="5">
              <value>
                <![CDATA[Dow]]>
              </value>
            </param>
          </params>
          <reporter-output>
          </reporter-output>
        </test-method> <!-- main -->
        <test-method is-config="true" signature="getResult(org.testng.ITestResult)[pri:0, instance:planbox.SanityTestOveral@4d5650ae]" started-at="2023-03-07T16:36:53 EST" name="getResult" finished-at="2023-03-07T16:36:53 EST" duration-ms="1" status="PASS">
          <params>
            <param index="0">
              <value>
                <![CDATA[[TestResult name=main status=SUCCESS method=SanityTestOveral.main(java.lang.String,java.lang.String,java.lang.String,java.lang.String,java.lang.String,java.lang.String)[pri:1, instance:planbox.SanityTestOveral@4d5650ae] output={null}]]]>
              </value>
            </param>
          </params>
          <reporter-output>
          </reporter-output>
        </test-method> <!-- getResult -->
        <test-method signature="main(java.lang.String,java.lang.String,java.lang.String,java.lang.String,java.lang.String,java.lang.String)[pri:1, instance:planbox.SanityTestOveral@4d5650ae]" started-at="2023-03-07T16:36:53 EST" name="main" data-provider="URLS" finished-at="2023-03-07T16:37:21 EST" duration-ms="28664" status="PASS">
          <params>
            <param index="0">
              <value>
                <![CDATA[https://galp.planbox.com/default/Login?signInWithSecretKey=true]]>
              </value>
            </param>
            <param index="1">
              <value>
                <![CDATA[1e7b79e5bf5c471493378ffaafa5e7ce:N3F7L0oqziGFNek1wxQF4wQToHhl7doShoHEeP7DMeLoUtEHs43MIlrdTk81x6YqUENum2KSK3Bnk2KB7tD2FPjj7khe6dxGcSvPKvI32RISMfEW8SIICvTjQ5MK2M1H]]>
              </value>
            </param>
            <param index="2">
              <value>
                <![CDATA[https://galp.planbox.com/default/challenges]]>
              </value>
            </param>
            <param index="3">
              <value>
                <![CDATA[https://galp.planbox.com/default/ideas]]>
              </value>
            </param>
            <param index="4">
              <value>
                <![CDATA[https://galp.planbox.com/default/home/homepage]]>
              </value>
            </param>
            <param index="5">
              <value>
                <![CDATA[Galp]]>
              </value>
            </param>
          </params>
          <reporter-output>
          </reporter-output>
        </test-method> <!-- main -->
        <test-method is-config="true" signature="getResult(org.testng.ITestResult)[pri:0, instance:planbox.SanityTestOveral@4d5650ae]" started-at="2023-03-07T16:37:21 EST" name="getResult" finished-at="2023-03-07T16:37:21 EST" duration-ms="0" status="PASS">
          <params>
            <param index="0">
              <value>
                <![CDATA[[TestResult name=main status=SUCCESS method=SanityTestOveral.main(java.lang.String,java.lang.String,java.lang.String,java.lang.String,java.lang.String,java.lang.String)[pri:1, instance:planbox.SanityTestOveral@4d5650ae] output={null}]]]>
              </value>
            </param>
          </params>
          <reporter-output>
          </reporter-output>
        </test-method> <!-- getResult -->
        <test-method signature="main(java.lang.String,java.lang.String,java.lang.String,java.lang.String,java.lang.String,java.lang.String)[pri:1, instance:planbox.SanityTestOveral@4d5650ae]" started-at="2023-03-07T16:37:21 EST" name="main" data-provider="URLS" finished-at="2023-03-07T16:38:10 EST" duration-ms="49121" status="PASS">
          <params>
            <param index="0">
              <value>
                <![CDATA[https://metlife.planbox.com/default/Login?signInWithSecretKey=true]]>
              </value>
            </param>
            <param index="1">
              <value>
                <![CDATA[1e7b79e5bf5c471493378ffaafa5e7ce:N3F7L0oqziGFNek1wxQF4wQToHhl7doShoHEeP7DMeLoUtEHs43MIlrdTk81x6YqUENum2KSK3Bnk2KB7tD2FPjj7khe6dxGcSvPKvI32RISMfEW8SIICvTjQ5MK2M1H]]>
              </value>
            </param>
            <param index="2">
              <value>
                <![CDATA[https://metlife.planbox.com/default/Challenges]]>
              </value>
            </param>
            <param index="3">
              <value>
                <![CDATA[https://metlife.planbox.com/default/ideas]]>
              </value>
            </param>
            <param index="4">
              <value>
                <![CDATA[https://metlife.planbox.com/default/home/homepage]]>
              </value>
            </param>
            <param index="5">
              <value>
                <![CDATA[Metlife]]>
              </value>
            </param>
          </params>
          <reporter-output>
          </reporter-output>
        </test-method> <!-- main -->
        <test-method is-config="true" signature="getResult(org.testng.ITestResult)[pri:0, instance:planbox.SanityTestOveral@4d5650ae]" started-at="2023-03-07T16:38:10 EST" name="getResult" finished-at="2023-03-07T16:38:10 EST" duration-ms="0" status="PASS">
          <params>
            <param index="0">
              <value>
                <![CDATA[[TestResult name=main status=SUCCESS method=SanityTestOveral.main(java.lang.String,java.lang.String,java.lang.String,java.lang.String,java.lang.String,java.lang.String)[pri:1, instance:planbox.SanityTestOveral@4d5650ae] output={null}]]]>
              </value>
            </param>
          </params>
          <reporter-output>
          </reporter-output>
        </test-method> <!-- getResult -->
        <test-method signature="main(java.lang.String,java.lang.String,java.lang.String,java.lang.String,java.lang.String,java.lang.String)[pri:1, instance:planbox.SanityTestOveral@4d5650ae]" started-at="2023-03-07T16:38:10 EST" name="main" data-provider="URLS" finished-at="2023-03-07T16:38:39 EST" duration-ms="28976" status="PASS">
          <params>
            <param index="0">
              <value>
                <![CDATA[https://molex.planbox.com/default/Login?signInWithSecretKey=true]]>
              </value>
            </param>
            <param index="1">
              <value>
                <![CDATA[1e7b79e5bf5c471493378ffaafa5e7ce:N3F7L0oqziGFNek1wxQF4wQToHhl7doShoHEeP7DMeLoUtEHs43MIlrdTk81x6YqUENum2KSK3Bnk2KB7tD2FPjj7khe6dxGcSvPKvI32RISMfEW8SIICvTjQ5MK2M1H]]>
              </value>
            </param>
            <param index="2">
              <value>
                <![CDATA[https://molex.planbox.com/default/Challenges]]>
              </value>
            </param>
            <param index="3">
              <value>
                <![CDATA[https://molex.planbox.com/default/ideas]]>
              </value>
            </param>
            <param index="4">
              <value>
                <![CDATA[https://molex.planbox.com/default/home/homepage]]>
              </value>
            </param>
            <param index="5">
              <value>
                <![CDATA[Molex]]>
              </value>
            </param>
          </params>
          <reporter-output>
          </reporter-output>
        </test-method> <!-- main -->
        <test-method is-config="true" signature="getResult(org.testng.ITestResult)[pri:0, instance:planbox.SanityTestOveral@4d5650ae]" started-at="2023-03-07T16:38:39 EST" name="getResult" finished-at="2023-03-07T16:38:39 EST" duration-ms="0" status="PASS">
          <params>
            <param index="0">
              <value>
                <![CDATA[[TestResult name=main status=SUCCESS method=SanityTestOveral.main(java.lang.String,java.lang.String,java.lang.String,java.lang.String,java.lang.String,java.lang.String)[pri:1, instance:planbox.SanityTestOveral@4d5650ae] output={null}]]]>
              </value>
            </param>
          </params>
          <reporter-output>
          </reporter-output>
        </test-method> <!-- getResult -->
        <test-method signature="main(java.lang.String,java.lang.String,java.lang.String,java.lang.String,java.lang.String,java.lang.String)[pri:1, instance:planbox.SanityTestOveral@4d5650ae]" started-at="2023-03-07T16:38:39 EST" name="main" data-provider="URLS" finished-at="2023-03-07T16:39:03 EST" duration-ms="24010" status="PASS">
          <params>
            <param index="0">
              <value>
                <![CDATA[http://energycommunity.planbox.com/default/Login?signInWithSecretKey=true]]>
              </value>
            </param>
            <param index="1">
              <value>
                <![CDATA[1e7b79e5bf5c471493378ffaafa5e7ce:N3F7L0oqziGFNek1wxQF4wQToHhl7doShoHEeP7DMeLoUtEHs43MIlrdTk81x6YqUENum2KSK3Bnk2KB7tD2FPjj7khe6dxGcSvPKvI32RISMfEW8SIICvTjQ5MK2M1H]]>
              </value>
            </param>
            <param index="2">
              <value>
                <![CDATA[http://energycommunity.planbox.com/default/challenges]]>
              </value>
            </param>
            <param index="3">
              <value>
                <![CDATA[http://energycommunity.planbox.com/default/ideas]]>
              </value>
            </param>
            <param index="4">
              <value>
                <![CDATA[http://energycommunity.planbox.com/default/home/homepage]]>
              </value>
            </param>
            <param index="5">
              <value>
                <![CDATA[Energy Community]]>
              </value>
            </param>
          </params>
          <reporter-output>
          </reporter-output>
        </test-method> <!-- main -->
        <test-method is-config="true" signature="getResult(org.testng.ITestResult)[pri:0, instance:planbox.SanityTestOveral@4d5650ae]" started-at="2023-03-07T16:39:03 EST" name="getResult" finished-at="2023-03-07T16:39:03 EST" duration-ms="1" status="PASS">
          <params>
            <param index="0">
              <value>
                <![CDATA[[TestResult name=main status=SUCCESS method=SanityTestOveral.main(java.lang.String,java.lang.String,java.lang.String,java.lang.String,java.lang.String,java.lang.String)[pri:1, instance:planbox.SanityTestOveral@4d5650ae] output={null}]]]>
              </value>
            </param>
          </params>
          <reporter-output>
          </reporter-output>
        </test-method> <!-- getResult -->
        <test-method signature="main(java.lang.String,java.lang.String,java.lang.String,java.lang.String,java.lang.String,java.lang.String)[pri:1, instance:planbox.SanityTestOveral@4d5650ae]" started-at="2023-03-07T16:39:03 EST" name="main" data-provider="URLS" finished-at="2023-03-07T16:39:47 EST" duration-ms="43879" status="PASS">
          <params>
            <param index="0">
              <value>
                <![CDATA[https://onecoverys.planbox.com/default/Login?signInWithSecretKey=true]]>
              </value>
            </param>
            <param index="1">
              <value>
                <![CDATA[1e7b79e5bf5c471493378ffaafa5e7ce:N3F7L0oqziGFNek1wxQF4wQToHhl7doShoHEeP7DMeLoUtEHs43MIlrdTk81x6YqUENum2KSK3Bnk2KB7tD2FPjj7khe6dxGcSvPKvI32RISMfEW8SIICvTjQ5MK2M1H]]>
              </value>
            </param>
            <param index="2">
              <value>
                <![CDATA[https://onecoverys.planbox.com/Coverys/Challenges]]>
              </value>
            </param>
            <param index="3">
              <value>
                <![CDATA[https://onecoverys.planbox.com/Coverys/Ideas]]>
              </value>
            </param>
            <param index="4">
              <value>
                <![CDATA[https://onecoverys.planbox.com/Coverys/home/homepage]]>
              </value>
            </param>
            <param index="5">
              <value>
                <![CDATA[Oneconvery]]>
              </value>
            </param>
          </params>
          <reporter-output>
          </reporter-output>
        </test-method> <!-- main -->
        <test-method is-config="true" signature="getResult(org.testng.ITestResult)[pri:0, instance:planbox.SanityTestOveral@4d5650ae]" started-at="2023-03-07T16:39:47 EST" name="getResult" finished-at="2023-03-07T16:39:47 EST" duration-ms="0" status="PASS">
          <params>
            <param index="0">
              <value>
                <![CDATA[[TestResult name=main status=SUCCESS method=SanityTestOveral.main(java.lang.String,java.lang.String,java.lang.String,java.lang.String,java.lang.String,java.lang.String)[pri:1, instance:planbox.SanityTestOveral@4d5650ae] output={null}]]]>
              </value>
            </param>
          </params>
          <reporter-output>
          </reporter-output>
        </test-method> <!-- getResult -->
        <test-method signature="main(java.lang.String,java.lang.String,java.lang.String,java.lang.String,java.lang.String,java.lang.String)[pri:1, instance:planbox.SanityTestOveral@4d5650ae]" started-at="2023-03-07T16:39:47 EST" name="main" data-provider="URLS" finished-at="2023-03-07T16:40:21 EST" duration-ms="33384" status="PASS">
          <params>
            <param index="0">
              <value>
                <![CDATA[https://libertymutual-solarialabs.planbox.com/default/login?signinwithsecretkey=true]]>
              </value>
            </param>
            <param index="1">
              <value>
                <![CDATA[1e7b79e5bf5c471493378ffaafa5e7ce:N3F7L0oqziGFNek1wxQF4wQToHhl7doShoHEeP7DMeLoUtEHs43MIlrdTk81x6YqUENum2KSK3Bnk2KB7tD2FPjj7khe6dxGcSvPKvI32RISMfEW8SIICvTjQ5MK2M1H]]>
              </value>
            </param>
            <param index="2">
              <value>
                <![CDATA[https://libertymutual-solarialabs.planbox.com/default/challenges]]>
              </value>
            </param>
            <param index="3">
              <value>
                <![CDATA[https://libertymutual-solarialabs.planbox.com/default/ideas]]>
              </value>
            </param>
            <param index="4">
              <value>
                <![CDATA[https://libertymutual-solarialabs.planbox.com/default/home/homepage]]>
              </value>
            </param>
            <param index="5">
              <value>
                <![CDATA[Libertymutual]]>
              </value>
            </param>
          </params>
          <reporter-output>
          </reporter-output>
        </test-method> <!-- main -->
        <test-method is-config="true" signature="getResult(org.testng.ITestResult)[pri:0, instance:planbox.SanityTestOveral@4d5650ae]" started-at="2023-03-07T16:40:21 EST" name="getResult" finished-at="2023-03-07T16:40:21 EST" duration-ms="0" status="PASS">
          <params>
            <param index="0">
              <value>
                <![CDATA[[TestResult name=main status=SUCCESS method=SanityTestOveral.main(java.lang.String,java.lang.String,java.lang.String,java.lang.String,java.lang.String,java.lang.String)[pri:1, instance:planbox.SanityTestOveral@4d5650ae] output={null}]]]>
              </value>
            </param>
          </params>
          <reporter-output>
          </reporter-output>
        </test-method> <!-- getResult -->
        <test-method signature="main(java.lang.String,java.lang.String,java.lang.String,java.lang.String,java.lang.String,java.lang.String)[pri:1, instance:planbox.SanityTestOveral@4d5650ae]" started-at="2023-03-07T16:40:21 EST" name="main" data-provider="URLS" finished-at="2023-03-07T16:40:51 EST" duration-ms="30679" status="PASS">
          <params>
            <param index="0">
              <value>
                <![CDATA[https://baxter.planbox.com/default/login?signinwithsecretkey=true]]>
              </value>
            </param>
            <param index="1">
              <value>
                <![CDATA[1e7b79e5bf5c471493378ffaafa5e7ce:N3F7L0oqziGFNek1wxQF4wQToHhl7doShoHEeP7DMeLoUtEHs43MIlrdTk81x6YqUENum2KSK3Bnk2KB7tD2FPjj7khe6dxGcSvPKvI32RISMfEW8SIICvTjQ5MK2M1H]]>
              </value>
            </param>
            <param index="2">
              <value>
                <![CDATA[https://baxter.planbox.com/default/challenges]]>
              </value>
            </param>
            <param index="3">
              <value>
                <![CDATA[https://baxter.planbox.com/default/ideas]]>
              </value>
            </param>
            <param index="4">
              <value>
                <![CDATA[https://baxter.planbox.com/default/home/homepage]]>
              </value>
            </param>
            <param index="5">
              <value>
                <![CDATA[Baxter]]>
              </value>
            </param>
          </params>
          <reporter-output>
          </reporter-output>
        </test-method> <!-- main -->
        <test-method is-config="true" signature="getResult(org.testng.ITestResult)[pri:0, instance:planbox.SanityTestOveral@4d5650ae]" started-at="2023-03-07T16:40:51 EST" name="getResult" finished-at="2023-03-07T16:40:51 EST" duration-ms="1" status="PASS">
          <params>
            <param index="0">
              <value>
                <![CDATA[[TestResult name=main status=SUCCESS method=SanityTestOveral.main(java.lang.String,java.lang.String,java.lang.String,java.lang.String,java.lang.String,java.lang.String)[pri:1, instance:planbox.SanityTestOveral@4d5650ae] output={null}]]]>
              </value>
            </param>
          </params>
          <reporter-output>
          </reporter-output>
        </test-method> <!-- getResult -->
        <test-method signature="main(java.lang.String,java.lang.String,java.lang.String,java.lang.String,java.lang.String,java.lang.String)[pri:1, instance:planbox.SanityTestOveral@4d5650ae]" started-at="2023-03-07T16:40:51 EST" name="main" data-provider="URLS" finished-at="2023-03-07T16:41:27 EST" duration-ms="35544" status="PASS">
          <params>
            <param index="0">
              <value>
                <![CDATA[https://td.planbox.com/default/Login?signInWithSecretKey=true]]>
              </value>
            </param>
            <param index="1">
              <value>
                <![CDATA[1e7b79e5bf5c471493378ffaafa5e7ce:N3F7L0oqziGFNek1wxQF4wQToHhl7doShoHEeP7DMeLoUtEHs43MIlrdTk81x6YqUENum2KSK3Bnk2KB7tD2FPjj7khe6dxGcSvPKvI32RISMfEW8SIICvTjQ5MK2M1H]]>
              </value>
            </param>
            <param index="2">
              <value>
                <![CDATA[https://td.planbox.com/default/challenges]]>
              </value>
            </param>
            <param index="3">
              <value>
                <![CDATA[https://td.planbox.com/default/ideas]]>
              </value>
            </param>
            <param index="4">
              <value>
                <![CDATA[https://td.planbox.com/default/home/homepage]]>
              </value>
            </param>
            <param index="5">
              <value>
                <![CDATA[Td bank]]>
              </value>
            </param>
          </params>
          <reporter-output>
          </reporter-output>
        </test-method> <!-- main -->
        <test-method is-config="true" signature="getResult(org.testng.ITestResult)[pri:0, instance:planbox.SanityTestOveral@4d5650ae]" started-at="2023-03-07T16:41:27 EST" name="getResult" finished-at="2023-03-07T16:41:27 EST" duration-ms="0" status="PASS">
          <params>
            <param index="0">
              <value>
                <![CDATA[[TestResult name=main status=SUCCESS method=SanityTestOveral.main(java.lang.String,java.lang.String,java.lang.String,java.lang.String,java.lang.String,java.lang.String)[pri:1, instance:planbox.SanityTestOveral@4d5650ae] output={null}]]]>
              </value>
            </param>
          </params>
          <reporter-output>
          </reporter-output>
        </test-method> <!-- getResult -->
        <test-method signature="main(java.lang.String,java.lang.String,java.lang.String,java.lang.String,java.lang.String,java.lang.String)[pri:1, instance:planbox.SanityTestOveral@4d5650ae]" started-at="2023-03-07T16:41:27 EST" name="main" data-provider="URLS" finished-at="2023-03-07T16:42:12 EST" duration-ms="45389" status="PASS">
          <params>
            <param index="0">
              <value>
                <![CDATA[https://georgiancollege.planbox.com/default/Login?signinwithsecretkey=true]]>
              </value>
            </param>
            <param index="1">
              <value>
                <![CDATA[1e7b79e5bf5c471493378ffaafa5e7ce:N3F7L0oqziGFNek1wxQF4wQToHhl7doShoHEeP7DMeLoUtEHs43MIlrdTk81x6YqUENum2KSK3Bnk2KB7tD2FPjj7khe6dxGcSvPKvI32RISMfEW8SIICvTjQ5MK2M1H]]>
              </value>
            </param>
            <param index="2">
              <value>
                <![CDATA[https://georgiancollege.planbox.com/default/challenges]]>
              </value>
            </param>
            <param index="3">
              <value>
                <![CDATA[https://georgiancollege.planbox.com/default/ideas]]>
              </value>
            </param>
            <param index="4">
              <value>
                <![CDATA[https://georgiancollege.planbox.com/default/home/homepage]]>
              </value>
            </param>
            <param index="5">
              <value>
                <![CDATA[Georgian college]]>
              </value>
            </param>
          </params>
          <reporter-output>
          </reporter-output>
        </test-method> <!-- main -->
        <test-method is-config="true" signature="getResult(org.testng.ITestResult)[pri:0, instance:planbox.SanityTestOveral@4d5650ae]" started-at="2023-03-07T16:42:12 EST" name="getResult" finished-at="2023-03-07T16:42:12 EST" duration-ms="1" status="PASS">
          <params>
            <param index="0">
              <value>
                <![CDATA[[TestResult name=main status=SUCCESS method=SanityTestOveral.main(java.lang.String,java.lang.String,java.lang.String,java.lang.String,java.lang.String,java.lang.String)[pri:1, instance:planbox.SanityTestOveral@4d5650ae] output={null}]]]>
              </value>
            </param>
          </params>
          <reporter-output>
          </reporter-output>
        </test-method> <!-- getResult -->
        <test-method signature="main(java.lang.String,java.lang.String,java.lang.String,java.lang.String,java.lang.String,java.lang.String)[pri:1, instance:planbox.SanityTestOveral@4d5650ae]" started-at="2023-03-07T16:42:12 EST" name="main" data-provider="URLS" finished-at="2023-03-07T16:42:42 EST" duration-ms="29650" status="PASS">
          <params>
            <param index="0">
              <value>
                <![CDATA[https://kinectrics.planbox.ca/default//Login?signinwithsecretkey=true]]>
              </value>
            </param>
            <param index="1">
              <value>
                <![CDATA[1e7b79e5bf5c471493378ffaafa5e7ce:N3F7L0oqziGFNek1wxQF4wQToHhl7doShoHEeP7DMeLoUtEHs43MIlrdTk81x6YqUENum2KSK3Bnk2KB7tD2FPjj7khe6dxGcSvPKvI32RISMfEW8SIICvTjQ5MK2M1H]]>
              </value>
            </param>
            <param index="2">
              <value>
                <![CDATA[https://kinectrics.planbox.ca/default/challenges]]>
              </value>
            </param>
            <param index="3">
              <value>
                <![CDATA[https://kinectrics.planbox.ca/default/ideas]]>
              </value>
            </param>
            <param index="4">
              <value>
                <![CDATA[https://kinectrics.planbox.ca/default/home/homepage]]>
              </value>
            </param>
            <param index="5">
              <value>
                <![CDATA[Kinectrics]]>
              </value>
            </param>
          </params>
          <reporter-output>
          </reporter-output>
        </test-method> <!-- main -->
        <test-method signature="main(java.lang.String,java.lang.String,java.lang.String,java.lang.String,java.lang.String,java.lang.String)[pri:1, instance:planbox.SanityTestOveral@4d5650ae]" started-at="2023-03-07T16:42:42 EST" name="main" data-provider="URLS" finished-at="2023-03-07T16:43:24 EST" duration-ms="42379" status="PASS">
          <params>
            <param index="0">
              <value>
                <![CDATA[https://cae.planbox.com/default/login?signinwithsecretkey=true]]>
              </value>
            </param>
            <param index="1">
              <value>
                <![CDATA[94ca8947c7bf4471a55cc31fa168f7b2:DePge0dHX7NcWFWXmiy9w3mMoE0KRlMnb5PuH5KXqYROGJnN19qWSoloG3qlqCwzyGXT9dWoUBT0g8iJkgf6UOGijkQZJ147XRuvucgLyIY5hRTLOHRke1FcPrefLmhu]]>
              </value>
            </param>
            <param index="2">
              <value>
                <![CDATA[https://cae.planbox.com/default/challenges]]>
              </value>
            </param>
            <param index="3">
              <value>
                <![CDATA[https://cae.planbox.com/default/ideas]]>
              </value>
            </param>
            <param index="4">
              <value>
                <![CDATA[https://cae.planbox.com/default/home/homepage]]>
              </value>
            </param>
            <param index="5">
              <value>
                <![CDATA[Cae]]>
              </value>
            </param>
          </params>
          <reporter-output>
          </reporter-output>
        </test-method> <!-- main -->
        <test-method is-config="true" signature="getResult(org.testng.ITestResult)[pri:0, instance:planbox.SanityTestOveral@4d5650ae]" started-at="2023-03-07T16:42:42 EST" name="getResult" finished-at="2023-03-07T16:42:42 EST" duration-ms="0" status="PASS">
          <params>
            <param index="0">
              <value>
                <![CDATA[[TestResult name=main status=SUCCESS method=SanityTestOveral.main(java.lang.String,java.lang.String,java.lang.String,java.lang.String,java.lang.String,java.lang.String)[pri:1, instance:planbox.SanityTestOveral@4d5650ae] output={null}]]]>
              </value>
            </param>
          </params>
          <reporter-output>
          </reporter-output>
        </test-method> <!-- getResult -->
        <test-method is-config="true" signature="getResult(org.testng.ITestResult)[pri:0, instance:planbox.SanityTestOveral@4d5650ae]" started-at="2023-03-07T16:43:24 EST" name="getResult" finished-at="2023-03-07T16:43:24 EST" duration-ms="0" status="PASS">
          <params>
            <param index="0">
              <value>
                <![CDATA[[TestResult name=main status=SUCCESS method=SanityTestOveral.main(java.lang.String,java.lang.String,java.lang.String,java.lang.String,java.lang.String,java.lang.String)[pri:1, instance:planbox.SanityTestOveral@4d5650ae] output={null}]]]>
              </value>
            </param>
          </params>
          <reporter-output>
          </reporter-output>
        </test-method> <!-- getResult -->
        <test-method signature="main(java.lang.String,java.lang.String,java.lang.String,java.lang.String,java.lang.String,java.lang.String)[pri:1, instance:planbox.SanityTestOveral@4d5650ae]" started-at="2023-03-07T16:43:24 EST" name="main" data-provider="URLS" finished-at="2023-03-07T16:44:04 EST" duration-ms="39897" status="PASS">
          <params>
            <param index="0">
              <value>
                <![CDATA[https://cae-sandbox.planbox.com/default/login?signinwithsecretkey=true]]>
              </value>
            </param>
            <param index="1">
              <value>
                <![CDATA[94ca8947c7bf4471a55cc31fa168f7b2:DePge0dHX7NcWFWXmiy9w3mMoE0KRlMnb5PuH5KXqYROGJnN19qWSoloG3qlqCwzyGXT9dWoUBT0g8iJkgf6UOGijkQZJ147XRuvucgLyIY5hRTLOHRke1FcPrefLmhu]]>
              </value>
            </param>
            <param index="2">
              <value>
                <![CDATA[https://cae-sandbox.planbox.com/default/challenges]]>
              </value>
            </param>
            <param index="3">
              <value>
                <![CDATA[https://cae-sandbox.planbox.com/default/ideas]]>
              </value>
            </param>
            <param index="4">
              <value>
                <![CDATA[https://cae-sandbox.planbox.com/default/home/homepage]]>
              </value>
            </param>
            <param index="5">
              <value>
                <![CDATA[Cae sandbox]]>
              </value>
            </param>
          </params>
          <reporter-output>
          </reporter-output>
        </test-method> <!-- main -->
        <test-method is-config="true" signature="getResult(org.testng.ITestResult)[pri:0, instance:planbox.SanityTestOveral@4d5650ae]" started-at="2023-03-07T16:44:04 EST" name="getResult" finished-at="2023-03-07T16:44:04 EST" duration-ms="1" status="PASS">
          <params>
            <param index="0">
              <value>
                <![CDATA[[TestResult name=main status=SUCCESS method=SanityTestOveral.main(java.lang.String,java.lang.String,java.lang.String,java.lang.String,java.lang.String,java.lang.String)[pri:1, instance:planbox.SanityTestOveral@4d5650ae] output={null}]]]>
              </value>
            </param>
          </params>
          <reporter-output>
          </reporter-output>
        </test-method> <!-- getResult -->
        <test-method signature="main(java.lang.String,java.lang.String,java.lang.String,java.lang.String,java.lang.String,java.lang.String)[pri:1, instance:planbox.SanityTestOveral@4d5650ae]" started-at="2023-03-07T16:44:04 EST" name="main" data-provider="URLS" finished-at="2023-03-07T16:44:41 EST" duration-ms="37027" status="PASS">
          <params>
            <param index="0">
              <value>
                <![CDATA[https://polilib.planbox.com/default/Login?signinwithsecretkey=true]]>
              </value>
            </param>
            <param index="1">
              <value>
                <![CDATA[1e7b79e5bf5c471493378ffaafa5e7ce:N3F7L0oqziGFNek1wxQF4wQToHhl7doShoHEeP7DMeLoUtEHs43MIlrdTk81x6YqUENum2KSK3Bnk2KB7tD2FPjj7khe6dxGcSvPKvI32RISMfEW8SIICvTjQ5MK2M1H]]>
              </value>
            </param>
            <param index="2">
              <value>
                <![CDATA[https://polilib.planbox.com/default/challenges]]>
              </value>
            </param>
            <param index="3">
              <value>
                <![CDATA[https://polilib.planbox.com/default/ideas]]>
              </value>
            </param>
            <param index="4">
              <value>
                <![CDATA[https://polilib.planbox.com/default/home/homepage]]>
              </value>
            </param>
            <param index="5">
              <value>
                <![CDATA[Polilib]]>
              </value>
            </param>
          </params>
          <reporter-output>
          </reporter-output>
        </test-method> <!-- main -->
        <test-method is-config="true" signature="getResult(org.testng.ITestResult)[pri:0, instance:planbox.SanityTestOveral@4d5650ae]" started-at="2023-03-07T16:44:41 EST" name="getResult" finished-at="2023-03-07T16:44:41 EST" duration-ms="0" status="PASS">
          <params>
            <param index="0">
              <value>
                <![CDATA[[TestResult name=main status=SUCCESS method=SanityTestOveral.main(java.lang.String,java.lang.String,java.lang.String,java.lang.String,java.lang.String,java.lang.String)[pri:1, instance:planbox.SanityTestOveral@4d5650ae] output={null}]]]>
              </value>
            </param>
          </params>
          <reporter-output>
          </reporter-output>
        </test-method> <!-- getResult -->
        <test-method signature="main(java.lang.String,java.lang.String,java.lang.String,java.lang.String,java.lang.String,java.lang.String)[pri:1, instance:planbox.SanityTestOveral@4d5650ae]" started-at="2023-03-07T16:44:41 EST" name="main" data-provider="URLS" finished-at="2023-03-07T16:45:18 EST" duration-ms="36773" status="PASS">
          <params>
            <param index="0">
              <value>
                <![CDATA[https://sagen.planbox.com/default/Login?signinwithsecretkey=true]]>
              </value>
            </param>
            <param index="1">
              <value>
                <![CDATA[1e7b79e5bf5c471493378ffaafa5e7ce:N3F7L0oqziGFNek1wxQF4wQToHhl7doShoHEeP7DMeLoUtEHs43MIlrdTk81x6YqUENum2KSK3Bnk2KB7tD2FPjj7khe6dxGcSvPKvI32RISMfEW8SIICvTjQ5MK2M1H]]>
              </value>
            </param>
            <param index="2">
              <value>
                <![CDATA[https://sagen.planbox.com/default/challenges]]>
              </value>
            </param>
            <param index="3">
              <value>
                <![CDATA[https://sagen.planbox.com/default/ideas]]>
              </value>
            </param>
            <param index="4">
              <value>
                <![CDATA[https://sagen.planbox.com/default/home/homepage]]>
              </value>
            </param>
            <param index="5">
              <value>
                <![CDATA[Sagen]]>
              </value>
            </param>
          </params>
          <reporter-output>
          </reporter-output>
        </test-method> <!-- main -->
        <test-method signature="main(java.lang.String,java.lang.String,java.lang.String,java.lang.String,java.lang.String,java.lang.String)[pri:1, instance:planbox.SanityTestOveral@4d5650ae]" started-at="2023-03-07T16:45:18 EST" name="main" data-provider="URLS" finished-at="2023-03-07T16:45:54 EST" duration-ms="36216" status="PASS">
          <params>
            <param index="0">
              <value>
                <![CDATA[https://planbox.ca/translinktomorrow-default/Login?signinwithsecretkey=true]]>
              </value>
            </param>
            <param index="1">
              <value>
                <![CDATA[1e7b79e5bf5c471493378ffaafa5e7ce:N3F7L0oqziGFNek1wxQF4wQToHhl7doShoHEeP7DMeLoUtEHs43MIlrdTk81x6YqUENum2KSK3Bnk2KB7tD2FPjj7khe6dxGcSvPKvI32RISMfEW8SIICvTjQ5MK2M1H]]>
              </value>
            </param>
            <param index="2">
              <value>
                <![CDATA[https://planbox.ca/translinktomorrow-default/challenges]]>
              </value>
            </param>
            <param index="3">
              <value>
                <![CDATA[https://planbox.ca/translinktomorrow-default/ideas]]>
              </value>
            </param>
            <param index="4">
              <value>
                <![CDATA[https://planbox.ca/translinktomorrow-default/home/homepage]]>
              </value>
            </param>
            <param index="5">
              <value>
                <![CDATA[Translinktomorrow]]>
              </value>
            </param>
          </params>
          <reporter-output>
          </reporter-output>
        </test-method> <!-- main -->
        <test-method is-config="true" signature="getResult(org.testng.ITestResult)[pri:0, instance:planbox.SanityTestOveral@4d5650ae]" started-at="2023-03-07T16:45:18 EST" name="getResult" finished-at="2023-03-07T16:45:18 EST" duration-ms="0" status="PASS">
          <params>
            <param index="0">
              <value>
                <![CDATA[[TestResult name=main status=SUCCESS method=SanityTestOveral.main(java.lang.String,java.lang.String,java.lang.String,java.lang.String,java.lang.String,java.lang.String)[pri:1, instance:planbox.SanityTestOveral@4d5650ae] output={null}]]]>
              </value>
            </param>
          </params>
          <reporter-output>
          </reporter-output>
        </test-method> <!-- getResult -->
        <test-method signature="main(java.lang.String,java.lang.String,java.lang.String,java.lang.String,java.lang.String,java.lang.String)[pri:1, instance:planbox.SanityTestOveral@4d5650ae]" started-at="2023-03-07T16:45:54 EST" name="main" data-provider="URLS" finished-at="2023-03-07T16:46:36 EST" duration-ms="41368" status="PASS">
          <params>
            <param index="0">
              <value>
                <![CDATA[https://planbox.ca/laval_innov-default/Login?signinwithsecretkey=true]]>
              </value>
            </param>
            <param index="1">
              <value>
                <![CDATA[1e7b79e5bf5c471493378ffaafa5e7ce:N3F7L0oqziGFNek1wxQF4wQToHhl7doShoHEeP7DMeLoUtEHs43MIlrdTk81x6YqUENum2KSK3Bnk2KB7tD2FPjj7khe6dxGcSvPKvI32RISMfEW8SIICvTjQ5MK2M1H]]>
              </value>
            </param>
            <param index="2">
              <value>
                <![CDATA[https://planbox.ca/laval_innov-default/challenges]]>
              </value>
            </param>
            <param index="3">
              <value>
                <![CDATA[https://planbox.ca/laval_innov-default/ideas]]>
              </value>
            </param>
            <param index="4">
              <value>
                <![CDATA[https://planbox.ca/laval_innov-default/home/homepage]]>
              </value>
            </param>
            <param index="5">
              <value>
                <![CDATA[Laval innov]]>
              </value>
            </param>
          </params>
          <reporter-output>
          </reporter-output>
        </test-method> <!-- main -->
        <test-method is-config="true" signature="getResult(org.testng.ITestResult)[pri:0, instance:planbox.SanityTestOveral@4d5650ae]" started-at="2023-03-07T16:45:54 EST" name="getResult" finished-at="2023-03-07T16:45:54 EST" duration-ms="0" status="PASS">
          <params>
            <param index="0">
              <value>
                <![CDATA[[TestResult name=main status=SUCCESS method=SanityTestOveral.main(java.lang.String,java.lang.String,java.lang.String,java.lang.String,java.lang.String,java.lang.String)[pri:1, instance:planbox.SanityTestOveral@4d5650ae] output={null}]]]>
              </value>
            </param>
          </params>
          <reporter-output>
          </reporter-output>
        </test-method> <!-- getResult -->
        <test-method is-config="true" signature="getResult(org.testng.ITestResult)[pri:0, instance:planbox.SanityTestOveral@4d5650ae]" started-at="2023-03-07T16:46:36 EST" name="getResult" finished-at="2023-03-07T16:46:36 EST" duration-ms="0" status="PASS">
          <params>
            <param index="0">
              <value>
                <![CDATA[[TestResult name=main status=SUCCESS method=SanityTestOveral.main(java.lang.String,java.lang.String,java.lang.String,java.lang.String,java.lang.String,java.lang.String)[pri:1, instance:planbox.SanityTestOveral@4d5650ae] output={null}]]]>
              </value>
            </param>
          </params>
          <reporter-output>
          </reporter-output>
        </test-method> <!-- getResult -->
        <test-method signature="main(java.lang.String,java.lang.String,java.lang.String,java.lang.String,java.lang.String,java.lang.String)[pri:1, instance:planbox.SanityTestOveral@4d5650ae]" started-at="2023-03-07T16:46:36 EST" name="main" data-provider="URLS" finished-at="2023-03-07T16:47:14 EST" duration-ms="38759" status="PASS">
          <params>
            <param index="0">
              <value>
                <![CDATA[https://deloitte-sandbox.planbox.com/default/login?signInWithSecretKey=true]]>
              </value>
            </param>
            <param index="1">
              <value>
                <![CDATA[1e7b79e5bf5c471493378ffaafa5e7ce:N3F7L0oqziGFNek1wxQF4wQToHhl7doShoHEeP7DMeLoUtEHs43MIlrdTk81x6YqUENum2KSK3Bnk2KB7tD2FPjj7khe6dxGcSvPKvI32RISMfEW8SIICvTjQ5MK2M1H]]>
              </value>
            </param>
            <param index="2">
              <value>
                <![CDATA[https://deloitte-sandbox.planbox.com/default/challenges]]>
              </value>
            </param>
            <param index="3">
              <value>
                <![CDATA[https://deloitte-sandbox.planbox.com/default/ideas]]>
              </value>
            </param>
            <param index="4">
              <value>
                <![CDATA[https://deloitte-sandbox.planbox.com/default/home/homepage]]>
              </value>
            </param>
            <param index="5">
              <value>
                <![CDATA[Delopte]]>
              </value>
            </param>
          </params>
          <reporter-output>
          </reporter-output>
        </test-method> <!-- main -->
        <test-method is-config="true" signature="getResult(org.testng.ITestResult)[pri:0, instance:planbox.SanityTestOveral@4d5650ae]" started-at="2023-03-07T16:47:14 EST" name="getResult" finished-at="2023-03-07T16:47:14 EST" duration-ms="1" status="PASS">
          <params>
            <param index="0">
              <value>
                <![CDATA[[TestResult name=main status=SUCCESS method=SanityTestOveral.main(java.lang.String,java.lang.String,java.lang.String,java.lang.String,java.lang.String,java.lang.String)[pri:1, instance:planbox.SanityTestOveral@4d5650ae] output={null}]]]>
              </value>
            </param>
          </params>
          <reporter-output>
          </reporter-output>
        </test-method> <!-- getResult -->
        <test-method is-config="true" signature="tearDown()[pri:0, instance:planbox.SanityTestOveral@4d5650ae]" started-at="2023-03-07T16:47:14 EST" name="tearDown" finished-at="2023-03-07T16:47:15 EST" duration-ms="617" status="PASS">
          <reporter-output>
          </reporter-output>
        </test-method> <!-- tearDown -->
      </class> <!-- planbox.SanityTestOveral -->
    </test> <!-- Default test -->
  </suite> <!-- Default suite -->
</testng-results>
